<?xml version="1.0" encoding="UTF-8"?>
<testsuite xmlns:xsi="http://www.w3.org/2001/XMLSchema-instance" xsi:noNamespaceSchemaLocation="https://maven.apache.org/surefire/maven-surefire-plugin/xsd/surefire-test-report.xsd" name="co.uk.golunch.service.UserServiceTest" time="3.332" tests="12" errors="0" skipped="0" failures="0">
  <properties>
[...]
</properties>
  <testcase name="create" classname="co.uk.golunch.service.UserServiceTest" time="0.334"/>
  <testcase name="delete" classname="co.uk.golunch.service.UserServiceTest" time="0.107"/>
  <testcase name="getAll" classname="co.uk.golunch.service.UserServiceTest" time="0.189"/>
  <testcase name="getWithRestaurant" classname="co.uk.golunch.service.UserServiceTest" time="0.233"/>
  <testcase name="update" classname="co.uk.golunch.service.UserServiceTest" time="0.355"/>
  <testcase name="getNotFound" classname="co.uk.golunch.service.UserServiceTest" time="0.204"/>
  <testcase name="createWithException" classname="co.uk.golunch.service.UserServiceTest" time="0.643"/>
  <testcase name="get" classname="co.uk.golunch.service.UserServiceTest" time="0.312"/>
  <testcase name="deletedNotFound" classname="co.uk.golunch.service.UserServiceTest" time="0.192"/>
  <testcase name="getByEmail" classname="co.uk.golunch.service.UserServiceTest" time="0.212"/>
  <testcase name="getWithRestaurantNotFound" classname="co.uk.golunch.service.UserServiceTest" time="0.187"/>
  <testcase name="duplicateMailCreate" classname="co.uk.golunch.service.UserServiceTest" time="0.343"/>
</testsuite>